# JRE version: Java(TM) SE Runtime Environment (8.0_251-b08) (build 1.8.0_251-b08)
# Java VM: Java HotSpot(TM) 64-Bit Server VM (25.251-b08 mixed mode windows-amd64 compressed oops)
Heap:
 PSYoungGen      total 70656K, used 10219K [0x00000000d6200000, 0x00000000dcf00000, 0x0000000100000000)
  eden space 65536K, 7% used [0x00000000d6200000,0x00000000d67010b8,0x00000000da200000)
  from space 5120K, 99% used [0x00000000da200000,0x00000000da6f9d50,0x00000000da700000)
  to   space 9216K, 0% used [0x00000000dc600000,0x00000000dc600000,0x00000000dcf00000)
 ParOldGen       total 61952K, used 9709K [0x0000000082600000, 0x0000000086280000, 0x00000000d6200000)
  object space 61952K, 15% used [0x0000000082600000,0x0000000082f7b4f8,0x0000000086280000)
 Metaspace       used 25395K, capacity 27216K, committed 27520K, reserved 1073152K
  class space    used 3263K, capacity 3624K, committed 3712K, reserved 1048576K
GC Heap History (10 events):
Event: 3.106 GC heap before
{Heap before GC invocations=2 (full 0):
 PSYoungGen      total 37888K, used 37420K [0x00000000d6200000, 0x00000000d8c00000, 0x0000000100000000)
  eden space 32768K, 100% used [0x00000000d6200000,0x00000000d8200000,0x00000000d8200000)
  from space 5120K, 90% used [0x00000000d8200000,0x00000000d868b398,0x00000000d8700000)
  to   space 5120K, 0% used [0x00000000d8700000,0x00000000d8700000,0x00000000d8c00000)
 ParOldGen       total 86016K, used 16K [0x0000000082600000, 0x0000000087a00000, 0x00000000d6200000)
  object space 86016K, 0% used [0x0000000082600000,0x0000000082604000,0x0000000087a00000)
 Metaspace       used 13048K, capacity 14120K, committed 14208K, reserved 1060864K
  class space    used 1653K, capacity 1874K, committed 1920K, reserved 1048576K
Event: 3.121 GC heap after
Heap after GC invocations=2 (full 0):
 PSYoungGen      total 37888K, used 5111K [0x00000000d6200000, 0x00000000d8c00000, 0x0000000100000000)
  eden space 32768K, 0% used [0x00000000d6200000,0x00000000d6200000,0x00000000d8200000)
  from space 5120K, 99% used [0x00000000d8700000,0x00000000d8bfdff0,0x00000000d8c00000)
  to   space 5120K, 0% used [0x00000000d8200000,0x00000000d8200000,0x00000000d8700000)
 ParOldGen       total 86016K, used 616K [0x0000000082600000, 0x0000000087a00000, 0x00000000d6200000)
  object space 86016K, 0% used [0x0000000082600000,0x000000008269a0d8,0x0000000087a00000)
 Metaspace       used 13048K, capacity 14120K, committed 14208K, reserved 1060864K
  class space    used 1653K, capacity 1874K, committed 1920K, reserved 1048576K
}
Event: 4.149 GC heap before
{Heap before GC invocations=3 (full 0):
 PSYoungGen      total 37888K, used 37879K [0x00000000d6200000, 0x00000000d8c00000, 0x0000000100000000)
  eden space 32768K, 100% used [0x00000000d6200000,0x00000000d8200000,0x00000000d8200000)
  from space 5120K, 99% used [0x00000000d8700000,0x00000000d8bfdff0,0x00000000d8c00000)
  to   space 5120K, 0% used [0x00000000d8200000,0x00000000d8200000,0x00000000d8700000)
 ParOldGen       total 86016K, used 616K [0x0000000082600000, 0x0000000087a00000, 0x00000000d6200000)
  object space 86016K, 0% used [0x0000000082600000,0x000000008269a0d8,0x0000000087a00000)
 Metaspace       used 16503K, capacity 17930K, committed 18048K, reserved 1064960K
  class space    used 2147K, capacity 2423K, committed 2432K, reserved 1048576K
Event: 4.163 GC heap after
Heap after GC invocations=3 (full 0):
 PSYoungGen      total 37888K, used 5115K [0x00000000d6200000, 0x00000000dac00000, 0x0000000100000000)
  eden space 32768K, 0% used [0x00000000d6200000,0x00000000d6200000,0x00000000d8200000)
  from space 5120K, 99% used [0x00000000d8200000,0x00000000d86fee20,0x00000000d8700000)
  to   space 5120K, 0% used [0x00000000da700000,0x00000000da700000,0x00000000dac00000)
 ParOldGen       total 86016K, used 2278K [0x0000000082600000, 0x0000000087a00000, 0x00000000d6200000)
  object space 86016K, 2% used [0x0000000082600000,0x0000000082839aa0,0x0000000087a00000)
 Metaspace       used 16503K, capacity 17930K, committed 18048K, reserved 1064960K
  class space    used 2147K, capacity 2423K, committed 2432K, reserved 1048576K
}
Event: 4.877 GC heap before
{Heap before GC invocations=4 (full 0):
 PSYoungGen      total 37888K, used 31909K [0x00000000d6200000, 0x00000000dac00000, 0x0000000100000000)
  eden space 32768K, 81% used [0x00000000d6200000,0x00000000d7c2a790,0x00000000d8200000)
  from space 5120K, 99% used [0x00000000d8200000,0x00000000d86fee20,0x00000000d8700000)
  to   space 5120K, 0% used [0x00000000da700000,0x00000000da700000,0x00000000dac00000)
 ParOldGen       total 86016K, used 2278K [0x0000000082600000, 0x0000000087a00000, 0x00000000d6200000)
  object space 86016K, 2% used [0x0000000082600000,0x0000000082839aa0,0x0000000087a00000)
 Metaspace       used 19544K, capacity 21144K, committed 21296K, reserved 1067008K
  class space    used 2538K, capacity 2850K, committed 2944K, reserved 1048576K
Event: 4.891 GC heap after
Heap after GC invocations=4 (full 0):
 PSYoungGen      total 70656K, used 5098K [0x00000000d6200000, 0x00000000dac00000, 0x0000000100000000)
  eden space 65536K, 0% used [0x00000000d6200000,0x00000000d6200000,0x00000000da200000)
  from space 5120K, 99% used [0x00000000da700000,0x00000000dabfabc0,0x00000000dac00000)
  to   space 5120K, 0% used [0x00000000da200000,0x00000000da200000,0x00000000da700000)
 ParOldGen       total 86016K, used 4562K [0x0000000082600000, 0x0000000087a00000, 0x00000000d6200000)
  object space 86016K, 5% used [0x0000000082600000,0x0000000082a74b30,0x0000000087a00000)
 Metaspace       used 19544K, capacity 21144K, committed 21296K, reserved 1067008K
  class space    used 2538K, capacity 2850K, committed 2944K, reserved 1048576K
}
Event: 4.891 GC heap before
{Heap before GC invocations=5 (full 1):
 PSYoungGen      total 70656K, used 5098K [0x00000000d6200000, 0x00000000dac00000, 0x0000000100000000)
  eden space 65536K, 0% used [0x00000000d6200000,0x00000000d6200000,0x00000000da200000)
  from space 5120K, 99% used [0x00000000da700000,0x00000000dabfabc0,0x00000000dac00000)
  to   space 5120K, 0% used [0x00000000da200000,0x00000000da200000,0x00000000da700000)
 ParOldGen       total 86016K, used 4562K [0x0000000082600000, 0x0000000087a00000, 0x00000000d6200000)
  object space 86016K, 5% used [0x0000000082600000,0x0000000082a74b30,0x0000000087a00000)
 Metaspace       used 19544K, capacity 21144K, committed 21296K, reserved 1067008K
  class space    used 2538K, capacity 2850K, committed 2944K, reserved 1048576K
Event: 4.973 GC heap after
Heap after GC invocations=5 (full 1):
 PSYoungGen      total 70656K, used 0K [0x00000000d6200000, 0x00000000dac00000, 0x0000000100000000)
  eden space 65536K, 0% used [0x00000000d6200000,0x00000000d6200000,0x00000000da200000)
  from space 5120K, 0% used [0x00000000da700000,0x00000000da700000,0x00000000dac00000)
  to   space 5120K, 0% used [0x00000000da200000,0x00000000da200000,0x00000000da700000)
 ParOldGen       total 61952K, used 7236K [0x0000000082600000, 0x0000000086280000, 0x00000000d6200000)
  object space 61952K, 11% used [0x0000000082600000,0x0000000082d11068,0x0000000086280000)
 Metaspace       used 19544K, capacity 21144K, committed 21296K, reserved 1067008K
  class space    used 2538K, capacity 2850K, committed 2944K, reserved 1048576K
}
Event: 6.295 GC heap before
{Heap before GC invocations=6 (full 1):
 PSYoungGen      total 70656K, used 65536K [0x00000000d6200000, 0x00000000dac00000, 0x0000000100000000)
  eden space 65536K, 100% used [0x00000000d6200000,0x00000000da200000,0x00000000da200000)
  from space 5120K, 0% used [0x00000000da700000,0x00000000da700000,0x00000000dac00000)
  to   space 5120K, 0% used [0x00000000da200000,0x00000000da200000,0x00000000da700000)
 ParOldGen       total 61952K, used 7236K [0x0000000082600000, 0x0000000086280000, 0x00000000d6200000)
  object space 61952K, 11% used [0x0000000082600000,0x0000000082d11068,0x0000000086280000)
 Metaspace       used 25218K, capacity 27014K, committed 27136K, reserved 1073152K
  class space    used 3241K, capacity 3583K, committed 3584K, reserved 1048576K
Event: 6.311 GC heap after
Heap after GC invocations=6 (full 1):
 PSYoungGen      total 70656K, used 5095K [0x00000000d6200000, 0x00000000dcf00000, 0x0000000100000000)
  eden space 65536K, 0% used [0x00000000d6200000,0x00000000d6200000,0x00000000da200000)
  from space 5120K, 99% used [0x00000000da200000,0x00000000da6f9d50,0x00000000da700000)
  to   space 9216K, 0% used [0x00000000dc600000,0x00000000dc600000,0x00000000dcf00000)
 ParOldGen       total 61952K, used 9709K [0x0000000082600000, 0x0000000086280000, 0x00000000d6200000)
  object space 61952K, 15% used [0x0000000082600000,0x0000000082f7b4f8,0x0000000086280000)
 Metaspace       used 25218K, capacity 27014K, committed 27136K, reserved 1073152K
  class space    used 3241K, capacity 3583K, committed 3584K, reserved 1048576K
}

